<?xml version="1.0" encoding="utf-8"?>
<coverage line-rate="0.9841" branch-rate="0.9285" version="1.9" timestamp="1780423942" lines-covered="62" lines-valid="63" branches-covered="26" branches-valid="28">
  <sources>
    <source>D:/</source>
  </sources>
  <packages>
    <package name="HookCraft.Core" line-rate="0.9841" branch-rate="0.9285" complexity="34">
      <classes>
        <class name="HookCraft.Core.HookGenerator" filename="lab3/src/HookCraft.Core/HookGenerator.cs" line-rate="0.9833" branch-rate="0.9285" complexity="31">
          <methods>
            <method name="get_History" signature="()" line-rate="1" branch-rate="1" complexity="1">
              <lines>
                <line number="16" hits="25" branch="False" />
              </lines>
            </method>
            <method name="ValidateStyle" signature="(System.String)" line-rate="1" branch-rate="1" complexity="4">
              <lines>
                <line number="24" hits="15" branch="False" />
                <line number="25" hits="15" branch="True" condition-coverage="100% (2/2)">
                  <conditions>
                    <condition number="25" type="jump" coverage="100%" />
                  </conditions>
                </line>
                <line number="26" hits="1" branch="False" />
                <line number="27" hits="14" branch="True" condition-coverage="100% (2/2)">
                  <conditions>
                    <condition number="56" type="jump" coverage="100%" />
                  </conditions>
                </line>
                <line number="28" hits="2" branch="False" />
                <line number="31" hits="42" branch="False" />
                <line number="32" hits="12" branch="False" />
              </lines>
            </method>
            <method name="GenerateHook" signature="(System.String,System.String)" line-rate="0.9615" branch-rate="0.8887999999999999" complexity="18">
              <lines>
                <line number="35" hits="10" branch="False" />
                <line number="36" hits="10" branch="True" condition-coverage="100% (2/2)">
                  <conditions>
                    <condition number="9" type="jump" coverage="100%" />
                  </conditions>
                </line>
                <line number="37" hits="2" branch="False" />
                <line number="38" hits="8" branch="True" condition-coverage="100% (2/2)">
                  <conditions>
                    <condition number="39" type="jump" coverage="100%" />
                  </conditions>
                </line>
                <line number="39" hits="1" branch="False" />
                <line number="41" hits="7" branch="False" />
                <line number="44" hits="7" branch="True" condition-coverage="75% (3/4)">
                  <conditions>
                    <condition number="96" type="jump" coverage="50%" />
                    <condition number="116" type="jump" coverage="100%" />
                  </conditions>
                </line>
                <line number="45" hits="3" branch="False" />
                <line number="46" hits="3" branch="True" condition-coverage="50% (1/2)">
                  <conditions>
                    <condition number="135" type="jump" coverage="50%" />
                  </conditions>
                </line>
                <line number="47" hits="0" branch="False" />
                <line number="48" hits="3" branch="True" condition-coverage="100% (2/2)">
                  <conditions>
                    <condition number="161" type="jump" coverage="100%" />
                  </conditions>
                </line>
                <line number="49" hits="2" branch="False" />
                <line number="51" hits="1" branch="False" />
                <line number="52" hits="3" branch="False" />
                <line number="53" hits="4" branch="True" condition-coverage="100% (4/4)">
                  <conditions>
                    <condition number="202" type="jump" coverage="100%" />
                    <condition number="222" type="jump" coverage="100%" />
                  </conditions>
                </line>
                <line number="54" hits="3" branch="False" />
                <line number="55" hits="3" branch="True" condition-coverage="100% (2/2)">
                  <conditions>
                    <condition number="237" type="jump" coverage="100%" />
                  </conditions>
                </line>
                <line number="56" hits="3" branch="False" />
                <line number="57" hits="3" branch="False" />
                <line number="58" hits="3" branch="False" />
                <line number="60" hits="1" branch="False" />
                <line number="61" hits="1" branch="False" />
                <line number="62" hits="1" branch="False" />
                <line number="64" hits="7" branch="False" />
                <line number="65" hits="7" branch="False" />
                <line number="66" hits="7" branch="False" />
              </lines>
            </method>
            <method name="BulkGenerate" signature="(System.Collections.Generic.List`1&lt;System.String&gt;,System.String)" line-rate="1" branch-rate="1" complexity="6">
              <lines>
                <line number="69" hits="4" branch="False" />
                <line number="70" hits="4" branch="True" condition-coverage="100% (4/4)">
                  <conditions>
                    <condition number="2" type="jump" coverage="100%" />
                    <condition number="18" type="jump" coverage="100%" />
                  </conditions>
                </line>
                <line number="71" hits="2" branch="False" />
                <line number="73" hits="2" branch="False" />
                <line number="74" hits="16" branch="True" condition-coverage="100% (2/2)">
                  <conditions>
                    <condition number="124" type="jump" coverage="100%" />
                  </conditions>
                </line>
                <line number="75" hits="5" branch="False" />
                <line number="77" hits="5" branch="False" />
                <line number="78" hits="5" branch="False" />
                <line number="79" hits="4" branch="False" />
                <line number="80" hits="1" branch="False" />
                <line number="81" hits="1" branch="False" />
                <line number="82" hits="1" branch="False" />
                <line number="83" hits="1" branch="False" />
                <line number="84" hits="5" branch="False" />
                <line number="85" hits="2" branch="False" />
                <line number="86" hits="2" branch="False" />
              </lines>
            </method>
            <method name=".ctor" signature="()" line-rate="1" branch-rate="1" complexity="1">
              <lines>
                <line number="18" hits="16" branch="False" />
                <line number="19" hits="16" branch="False" />
                <line number="20" hits="16" branch="False" />
                <line number="21" hits="16" branch="False" />
              </lines>
            </method>
            <method name=".cctor" signature="()" line-rate="1" branch-rate="1" complexity="1">
              <lines>
                <line number="9" hits="1" branch="False" />
                <line number="10" hits="1" branch="False" />
                <line number="11" hits="1" branch="False" />
                <line number="12" hits="1" branch="False" />
                <line number="13" hits="1" branch="False" />
                <line number="14" hits="1" branch="False" />
              </lines>
            </method>
          </methods>
          <lines>
            <line number="16" hits="25" branch="False" />
            <line number="24" hits="15" branch="False" />
            <line number="25" hits="15" branch="True" condition-coverage="100% (2/2)">
              <conditions>
                <condition number="25" type="jump" coverage="100%" />
              </conditions>
            </line>
            <line number="26" hits="1" branch="False" />
            <line number="27" hits="14" branch="True" condition-coverage="100% (2/2)">
              <conditions>
                <condition number="56" type="jump" coverage="100%" />
              </conditions>
            </line>
            <line number="28" hits="2" branch="False" />
            <line number="31" hits="42" branch="False" />
            <line number="32" hits="12" branch="False" />
            <line number="35" hits="10" branch="False" />
            <line number="36" hits="10" branch="True" condition-coverage="100% (2/2)">
              <conditions>
                <condition number="9" type="jump" coverage="100%" />
              </conditions>
            </line>
            <line number="37" hits="2" branch="False" />
            <line number="38" hits="8" branch="True" condition-coverage="100% (2/2)">
              <conditions>
                <condition number="39" type="jump" coverage="100%" />
              </conditions>
            </line>
            <line number="39" hits="1" branch="False" />
            <line number="41" hits="7" branch="False" />
            <line number="44" hits="7" branch="True" condition-coverage="75% (3/4)">
              <conditions>
                <condition number="96" type="jump" coverage="50%" />
                <condition number="116" type="jump" coverage="100%" />
              </conditions>
            </line>
            <line number="45" hits="3" branch="False" />
            <line number="46" hits="3" branch="True" condition-coverage="50% (1/2)">
              <conditions>
                <condition number="135" type="jump" coverage="50%" />
              </conditions>
            </line>
            <line number="47" hits="0" branch="False" />
            <line number="48" hits="3" branch="True" condition-coverage="100% (2/2)">
              <conditions>
                <condition number="161" type="jump" coverage="100%" />
              </conditions>
            </line>
            <line number="49" hits="2" branch="False" />
            <line number="51" hits="1" branch="False" />
            <line number="52" hits="3" branch="False" />
            <line number="53" hits="4" branch="True" condition-coverage="100% (4/4)">
              <conditions>
                <condition number="202" type="jump" coverage="100%" />
                <condition number="222" type="jump" coverage="100%" />
              </conditions>
            </line>
            <line number="54" hits="3" branch="False" />
            <line number="55" hits="3" branch="True" condition-coverage="100% (2/2)">
              <conditions>
                <condition number="237" type="jump" coverage="100%" />
              </conditions>
            </line>
            <line number="56" hits="3" branch="False" />
            <line number="57" hits="3" branch="False" />
            <line number="58" hits="3" branch="False" />
            <line number="60" hits="1" branch="False" />
            <line number="61" hits="1" branch="False" />
            <line number="62" hits="1" branch="False" />
            <line number="64" hits="7" branch="False" />
            <line number="65" hits="7" branch="False" />
            <line number="66" hits="7" branch="False" />
            <line number="69" hits="4" branch="False" />
            <line number="70" hits="4" branch="True" condition-coverage="100% (4/4)">
              <conditions>
                <condition number="2" type="jump" coverage="100%" />
                <condition number="18" type="jump" coverage="100%" />
              </conditions>
            </line>
            <line number="71" hits="2" branch="False" />
            <line number="73" hits="2" branch="False" />
            <line number="74" hits="16" branch="True" condition-coverage="100% (2/2)">
              <conditions>
                <condition number="124" type="jump" coverage="100%" />
              </conditions>
            </line>
            <line number="75" hits="5" branch="False" />
            <line number="77" hits="5" branch="False" />
            <line number="78" hits="5" branch="False" />
            <line number="79" hits="4" branch="False" />
            <line number="80" hits="1" branch="False" />
            <line number="81" hits="1" branch="False" />
            <line number="82" hits="1" branch="False" />
            <line number="83" hits="1" branch="False" />
            <line number="84" hits="5" branch="False" />
            <line number="85" hits="2" branch="False" />
            <line number="86" hits="2" branch="False" />
            <line number="18" hits="16" branch="False" />
            <line number="19" hits="16" branch="False" />
            <line number="20" hits="16" branch="False" />
            <line number="21" hits="16" branch="False" />
            <line number="9" hits="1" branch="False" />
            <line number="10" hits="1" branch="False" />
            <line number="11" hits="1" branch="False" />
            <line number="12" hits="1" branch="False" />
            <line number="13" hits="1" branch="False" />
            <line number="14" hits="1" branch="False" />
          </lines>
        </class>
        <class name="HookCraft.Core.GenerationRecord" filename="lab3/src/HookCraft.Core/HookGenerator.cs" line-rate="1" branch-rate="1" complexity="3">
          <methods>
            <method name="get_Topic" signature="()" line-rate="1" branch-rate="1" complexity="1">
              <lines>
                <line number="91" hits="15" branch="False" />
              </lines>
            </method>
            <method name="get_Style" signature="()" line-rate="1" branch-rate="1" complexity="1">
              <lines>
                <line number="92" hits="14" branch="False" />
              </lines>
            </method>
            <method name="get_Hook" signature="()" line-rate="1" branch-rate="1" complexity="1">
              <lines>
                <line number="93" hits="14" branch="False" />
              </lines>
            </method>
          </methods>
          <lines>
            <line number="91" hits="15" branch="False" />
            <line number="92" hits="14" branch="False" />
            <line number="93" hits="14" branch="False" />
          </lines>
        </class>
      </classes>
    </package>
  </packages>
</coverage>